<?xml version="1.0" encoding="UTF-8"?>
<!-- Generated by org.testng.reporters.JUnitXMLReporter -->
<testsuite ignored="1" hostname="QA-a-mahdy" failures="0" tests="20" name="com.Orang" time="164.235" errors="0" timestamp="2021-11-15T17:26:09 EET">
  <testcase classname="Pages.AppTest" name="navigateToPartRiskPage" time="2.545"/>
  <testcase classname="Pages.AppTest" name="get_MAN_MPN_Part_Details" time="4.101"/>
  <testcase classname="Pages.AppTest" name="get_MPN_Part_Details" time="0.052"/>
  <testcase classname="Pages.AppTest" name="cardTagsExistInOverview" time="0.072"/>
  <testcase classname="Pages.AppTest" name="cardPartScoreExistInOverview" time="0.056"/>
  <testcase classname="Pages.AppTest" name="cardObsolescenceExistInOverview" time="0.159"/>
  <testcase classname="Pages.AppTest" name="cardPartSummaryExistInOverview" time="0.053"/>
  <testcase classname="Pages.AppTest" name="cardComplianceExistInOverview" time="0.076"/>
  <testcase classname="Pages.AppTest" name="cardMarketAvalibiltyExistInOverview" time="0.059"/>
  <testcase classname="Pages.AppTest" name="cardMulitSourceExistInOverview" time="2.173"/>
  <testcase classname="Pages.AppTest" name="PartScoreExistInOverview" time="0.077"/>
  <testcase classname="Pages.AppTest" name="ObsolescenceRisk_PartScorecard" time="0.092"/>
  <testcase classname="Pages.AppTest" name="ComplianceRisk_PartScorecard" time="0.063"/>
  <testcase classname="Pages.AppTest" name="MarketRisk_PartScorecard" time="0.093"/>
  <testcase classname="Pages.AppTest" name="TechnologyRisk_PartScorecard" time="0.079"/>
  <testcase classname="Pages.AppTest" name="MultiSourcingRisk_PartScorecard" time="0.081"/>
  <testcase classname="Pages.AppTest" name="SupplierScoreRisk_PartScorecard" time="0.054"/>
  <testcase classname="Pages.uploadBomTest" name="uploadBom" time="59.916"/>
  <testcase classname="Pages.creatAlertTest" name="create_Alert_from_Header" time="12.056"/>
  <testcase classname="Pages.SubmitTicketTest" name="Validate_can_Submit_Ticket" time="4.018"/>
  <testcase classname="Pages.AppTest" name="getHeader" time="0.0">
    <ignored/>
  </testcase> <!-- getHeader -->
</testsuite> <!-- com.Orang -->
