<?xml version="1.0" encoding="UTF-8"?>
<testsuite xmlns:xsi="http://www.w3.org/2001/XMLSchema-instance" xsi:noNamespaceSchemaLocation="https://maven.apache.org/surefire/maven-surefire-plugin/xsd/surefire-test-report-3.0.xsd" version="3.0" name="TestSuite" time="165.391" tests="20" errors="0" skipped="0" failures="0">
  <properties>
[...]
</properties>
  <testcase name="navigateToPartRiskPage[public void Pages.AppTest.navigateToPartRiskPage(java.lang.reflect.Method) throws java.io.IOException](1)" classname="Pages.AppTest" time="2.531">
    <system-out><![CDATA[chrome is selected to run
Before navigating to: 'https://test1.z2data.com/'
Navigated to:'https://test1.z2data.com/'
Trying to find Element By : By.xpath: //*[@id='Username']
Found Element By : By.xpath: //*[@id='Username']
Value of the:[[ChromeDriver: chrome on WINDOWS (8a18a079caee76f02f06ed54959d11fc)] -> xpath: //*[@id='Username']] before any changes made
Element value changed to: [[ChromeDriver: chrome on WINDOWS (8a18a079caee76f02f06ed54959d11fc)] -> xpath: //*[@id='Username']]
Trying to find Element By : By.id: Password
Found Element By : By.id: Password
Value of the:[[ChromeDriver: chrome on WINDOWS (8a18a079caee76f02f06ed54959d11fc)] -> id: Password] before any changes made
Element value changed to: [[ChromeDriver: chrome on WINDOWS (8a18a079caee76f02f06ed54959d11fc)] -> id: Password]
Trying to find Element By : By.xpath: /html/body/div/div/div/div[1]/div[2]/form/button
Found Element By : By.xpath: /html/body/div/div/div/div[1]/div[2]/form/button
Trying to click on: [[ChromeDriver: chrome on WINDOWS (8a18a079caee76f02f06ed54959d11fc)] -> xpath: /html/body/div/div/div/div[1]/div[2]/form/button]
Clicked on: [[ChromeDriver: chrome on WINDOWS (8a18a079caee76f02f06ed54959d11fc)] -> xpath: /html/body/div/div/div/div[1]/div[2]/form/button]
Before navigating to: 'https://test1.z2data.com/PartDetails?PartId=14'
Navigated to:'https://test1.z2data.com/PartDetails?PartId=14'
]]></system-out>
    <system-err><![CDATA[SLF4J: Failed to load class "org.slf4j.impl.StaticLoggerBinder".
SLF4J: Defaulting to no-operation (NOP) logger implementation
SLF4J: See http://www.slf4j.org/codes.html#StaticLoggerBinder for further details.
Starting ChromeDriver 95.0.4638.69 (6a1600ed572fedecd573b6c2b90a22fe6392a410-refs/branch-heads/4638@{#984}) on port 20042
Only local connections are allowed.
Please see https://chromedriver.chromium.org/security-considerations for suggestions on keeping ChromeDriver safe.
ChromeDriver was started successfully.
Nov 15, 2021 5:23:29 PM org.openqa.selenium.remote.ProtocolHandshake createSession
INFO: Detected dialect: W3C
]]></system-err>
  </testcase>
  <testcase name="get_MAN_MPN_Part_Details[public void Pages.AppTest.get_MAN_MPN_Part_Details(java.lang.reflect.Method) throws java.io.IOException,java.lang.InterruptedException](1)" classname="Pages.AppTest" time="4.1">
    <system-out><![CDATA[expected man = TLV6004IPWR | Texas Instruments Incorporated = Actul man = TLV6004IPWR | Texas Instruments Incorporated
]]></system-out>
  </testcase>
  <testcase name="get_MPN_Part_Details[public void Pages.AppTest.get_MPN_Part_Details(java.lang.reflect.Method) throws java.io.IOException](1)" classname="Pages.AppTest" time="0.054">
    <system-out><![CDATA[expected mpn = https://test1.z2data.com/PartDetails?PartId=14 = Actul mpn= https://test1.z2data.com/PartDetails?PartId=14
]]></system-out>
  </testcase>
  <testcase name="cardTagsExistInOverview[public void Pages.AppTest.cardTagsExistInOverview(java.lang.reflect.Method)](1)" classname="Pages.AppTest" time="0.062">
    <system-out><![CDATA[Trying to find Element By : By.xpath: //div[contains(text(),'Tags')]
Found Element By : By.xpath: //div[contains(text(),'Tags')]
]]></system-out>
  </testcase>
  <testcase name="cardPartScoreExistInOverview[public void Pages.AppTest.cardPartScoreExistInOverview(java.lang.reflect.Method)](1)" classname="Pages.AppTest" time="0.056">
    <system-out><![CDATA[Trying to find Element By : By.xpath: //*[@id='z2-2cols-sub-2cols-left']/app-part-scoreriskelastic/div/div[1]/div[1]
Found Element By : By.xpath: //*[@id='z2-2cols-sub-2cols-left']/app-part-scoreriskelastic/div/div[1]/div[1]
]]></system-out>
  </testcase>
  <testcase name="cardObsolescenceExistInOverview[public void Pages.AppTest.cardObsolescenceExistInOverview(java.lang.reflect.Method)](1)" classname="Pages.AppTest" time="0.163">
    <system-out><![CDATA[Trying to find Element By : By.xpath: //*[@id='obsolescenceCard']/app-partscore-obsolescence-activeelastic/div/div[1]/div[1]
Found Element By : By.xpath: //*[@id='obsolescenceCard']/app-partscore-obsolescence-activeelastic/div/div[1]/div[1]
Trying to click on: [[ChromeDriver: chrome on WINDOWS (8a18a079caee76f02f06ed54959d11fc)] -> xpath: //*[@id='obsolescenceCard']/app-partscore-obsolescence-activeelastic/div/div[1]/div[1]]
Clicked on: [[ChromeDriver: chrome on WINDOWS (8a18a079caee76f02f06ed54959d11fc)] -> xpath: //*[@id='obsolescenceCard']/app-partscore-obsolescence-activeelastic/div/div[1]/div[1]]
]]></system-out>
  </testcase>
  <testcase name="cardPartSummaryExistInOverview[public void Pages.AppTest.cardPartSummaryExistInOverview(java.lang.reflect.Method)](1)" classname="Pages.AppTest" time="0.055">
    <system-out><![CDATA[Trying to find Element By : By.xpath: //*[@id='z2-2cols-sub-2cols-left']/app-partscore-summaryelastic/div/div[1]/div
Found Element By : By.xpath: //*[@id='z2-2cols-sub-2cols-left']/app-partscore-summaryelastic/div/div[1]/div
]]></system-out>
  </testcase>
  <testcase name="cardComplianceExistInOverview[public void Pages.AppTest.cardComplianceExistInOverview(java.lang.reflect.Method)](1)" classname="Pages.AppTest" time="0.076">
    <system-out><![CDATA[Trying to find Element By : By.xpath: //*[@id='z2-2cols-sub-2cols-left']/app-compliance-details-card/div/div[1]/div[1]
Found Element By : By.xpath: //*[@id='z2-2cols-sub-2cols-left']/app-compliance-details-card/div/div[1]/div[1]
]]></system-out>
  </testcase>
  <testcase name="cardMarketAvalibiltyExistInOverview[public void Pages.AppTest.cardMarketAvalibiltyExistInOverview(java.lang.reflect.Method)](1)" classname="Pages.AppTest" time="0.06">
    <system-out><![CDATA[Trying to find Element By : By.xpath: //*[@id='marketavalibiltyCard']/div[1]/div
Found Element By : By.xpath: //*[@id='marketavalibiltyCard']/div[1]/div
]]></system-out>
  </testcase>
  <testcase name="cardMulitSourceExistInOverview[public void Pages.AppTest.cardMulitSourceExistInOverview(java.lang.reflect.Method)](1)" classname="Pages.AppTest" time="2.174">
    <system-out><![CDATA[Trying to find Element By : By.xpath: //*[@id='mulitsourceCard']/div[1]/div
Found Element By : By.xpath: //*[@id='mulitsourceCard']/div[1]/div
]]></system-out>
  </testcase>
  <testcase name="PartScoreExistInOverview[public void Pages.AppTest.PartScoreExistInOverview(java.lang.reflect.Method) throws java.io.IOException](1)" classname="Pages.AppTest" time="0.077">
    <system-out><![CDATA[Trying to find Element By : By.xpath: //*[@id='z2-2cols-sub-2cols-left']/app-part-scoreriskelastic/div/div[1]/div[2]/div/div[2]
Found Element By : By.xpath: //*[@id='z2-2cols-sub-2cols-left']/app-part-scoreriskelastic/div/div[1]/div[2]/div/div[2]
got a text : [[ChromeDriver: chrome on WINDOWS (8a18a079caee76f02f06ed54959d11fc)] -> xpath: //*[@id='z2-2cols-sub-2cols-left']/app-part-scoreriskelastic/div/div[1]/div[2]/div/div[2]]
]]></system-out>
  </testcase>
  <testcase name="ObsolescenceRisk_PartScorecard[public void Pages.AppTest.ObsolescenceRisk_PartScorecard(java.lang.reflect.Method) throws java.io.IOException](1)" classname="Pages.AppTest" time="0.11">
    <system-out><![CDATA[Trying to find Element By : By.xpath: //*[@id='z2-2cols-sub-2cols-left']/app-part-scoreriskelastic/div/div[2]/div/div/div[1]/div/div[2]/div[1]
Found Element By : By.xpath: //*[@id='z2-2cols-sub-2cols-left']/app-part-scoreriskelastic/div/div[2]/div/div/div[1]/div/div[2]/div[1]
got a text : [[ChromeDriver: chrome on WINDOWS (8a18a079caee76f02f06ed54959d11fc)] -> xpath: //*[@id='z2-2cols-sub-2cols-left']/app-part-scoreriskelastic/div/div[2]/div/div/div[1]/div/div[2]/div[1]]
]]></system-out>
  </testcase>
  <testcase name="ComplianceRisk_PartScorecard[public void Pages.AppTest.ComplianceRisk_PartScorecard(java.lang.reflect.Method) throws java.io.IOException](1)" classname="Pages.AppTest" time="0.079">
    <system-out><![CDATA[Trying to find Element By : By.xpath: //*[@id='z2-2cols-sub-2cols-left']/app-part-scoreriskelastic/div/div[2]/div/div/div[2]/div/div[2]/div[1]
Found Element By : By.xpath: //*[@id='z2-2cols-sub-2cols-left']/app-part-scoreriskelastic/div/div[2]/div/div/div[2]/div/div[2]/div[1]
got a text : [[ChromeDriver: chrome on WINDOWS (8a18a079caee76f02f06ed54959d11fc)] -> xpath: //*[@id='z2-2cols-sub-2cols-left']/app-part-scoreriskelastic/div/div[2]/div/div/div[2]/div/div[2]/div[1]]
]]></system-out>
  </testcase>
  <testcase name="MarketRisk_PartScorecard[public void Pages.AppTest.MarketRisk_PartScorecard(java.lang.reflect.Method) throws java.io.IOException](1)" classname="Pages.AppTest" time="0.093">
    <system-out><![CDATA[Trying to find Element By : By.xpath: //*[@id='z2-2cols-sub-2cols-left']/app-part-scoreriskelastic/div/div[2]/div/div/div[3]/div/div[2]/div[1]
Found Element By : By.xpath: //*[@id='z2-2cols-sub-2cols-left']/app-part-scoreriskelastic/div/div[2]/div/div/div[3]/div/div[2]/div[1]
got a text : [[ChromeDriver: chrome on WINDOWS (8a18a079caee76f02f06ed54959d11fc)] -> xpath: //*[@id='z2-2cols-sub-2cols-left']/app-part-scoreriskelastic/div/div[2]/div/div/div[3]/div/div[2]/div[1]]
]]></system-out>
  </testcase>
  <testcase name="TechnologyRisk_PartScorecard[public void Pages.AppTest.TechnologyRisk_PartScorecard(java.lang.reflect.Method) throws java.io.IOException](1)" classname="Pages.AppTest" time="0.079">
    <system-out><![CDATA[Trying to find Element By : By.xpath: //*[@id='z2-2cols-sub-2cols-left']/app-part-scoreriskelastic/div/div[2]/div/div/div[4]/div/div[2]/div[1]
Found Element By : By.xpath: //*[@id='z2-2cols-sub-2cols-left']/app-part-scoreriskelastic/div/div[2]/div/div/div[4]/div/div[2]/div[1]
got a text : [[ChromeDriver: chrome on WINDOWS (8a18a079caee76f02f06ed54959d11fc)] -> xpath: //*[@id='z2-2cols-sub-2cols-left']/app-part-scoreriskelastic/div/div[2]/div/div/div[4]/div/div[2]/div[1]]
]]></system-out>
  </testcase>
  <testcase name="MultiSourcingRisk_PartScorecard[public void Pages.AppTest.MultiSourcingRisk_PartScorecard(java.lang.reflect.Method) throws java.io.IOException](1)" classname="Pages.AppTest" time="0.081">
    <system-out><![CDATA[Trying to find Element By : By.xpath: //*[@id='z2-2cols-sub-2cols-left']/app-part-scoreriskelastic/div/div[2]/div/div/div[5]/div/div[2]/div[1]
Found Element By : By.xpath: //*[@id='z2-2cols-sub-2cols-left']/app-part-scoreriskelastic/div/div[2]/div/div/div[5]/div/div[2]/div[1]
got a text : [[ChromeDriver: chrome on WINDOWS (8a18a079caee76f02f06ed54959d11fc)] -> xpath: //*[@id='z2-2cols-sub-2cols-left']/app-part-scoreriskelastic/div/div[2]/div/div/div[5]/div/div[2]/div[1]]
]]></system-out>
  </testcase>
  <testcase name="SupplierScoreRisk_PartScorecard[public void Pages.AppTest.SupplierScoreRisk_PartScorecard(java.lang.reflect.Method) throws java.io.IOException](1)" classname="Pages.AppTest" time="0.069">
    <system-out><![CDATA[Trying to find Element By : By.xpath: //*[@id='z2-2cols-sub-2cols-left']/app-part-scoreriskelastic/div/div[2]/div/div/div[6]/div/div[2]/div[1]
Found Element By : By.xpath: //*[@id='z2-2cols-sub-2cols-left']/app-part-scoreriskelastic/div/div[2]/div/div/div[6]/div/div[2]/div[1]
got a text : [[ChromeDriver: chrome on WINDOWS (8a18a079caee76f02f06ed54959d11fc)] -> xpath: //*[@id='z2-2cols-sub-2cols-left']/app-part-scoreriskelastic/div/div[2]/div/div/div[6]/div/div[2]/div[1]]
]]></system-out>
  </testcase>
  <testcase name="uploadBom[public void Pages.uploadBomTest.uploadBom(java.lang.reflect.Method) throws java.lang.InterruptedException,java.awt.AWTException,java.io.IOException](1)" classname="Pages.uploadBomTest" time="59.936">
    <system-out><![CDATA[chrome is selected to run
Before navigating to: 'https://test1.z2data.com/'
Navigated to:'https://test1.z2data.com/'
Trying to find Element By : By.xpath: //*[@id='Username']
Found Element By : By.xpath: //*[@id='Username']
Value of the:[[ChromeDriver: chrome on WINDOWS (3b922945d8ce4db993558946af515998)] -> xpath: //*[@id='Username']] before any changes made
Element value changed to: [[ChromeDriver: chrome on WINDOWS (3b922945d8ce4db993558946af515998)] -> xpath: //*[@id='Username']]
Trying to find Element By : By.id: Password
Found Element By : By.id: Password
Value of the:[[ChromeDriver: chrome on WINDOWS (3b922945d8ce4db993558946af515998)] -> id: Password] before any changes made
Element value changed to: [[ChromeDriver: chrome on WINDOWS (3b922945d8ce4db993558946af515998)] -> id: Password]
Trying to find Element By : By.xpath: /html/body/div/div/div/div[1]/div[2]/form/button
Found Element By : By.xpath: /html/body/div/div/div/div[1]/div[2]/form/button
Trying to click on: [[ChromeDriver: chrome on WINDOWS (3b922945d8ce4db993558946af515998)] -> xpath: /html/body/div/div/div/div[1]/div[2]/form/button]
Clicked on: [[ChromeDriver: chrome on WINDOWS (3b922945d8ce4db993558946af515998)] -> xpath: /html/body/div/div/div/div[1]/div[2]/form/button]
Trying to find Element By : By.xpath: //span[normalize-space()='Part Risk Manager']
Found Element By : By.xpath: //span[normalize-space()='Part Risk Manager']
Trying to click on: [[ChromeDriver: chrome on WINDOWS (3b922945d8ce4db993558946af515998)] -> xpath: //span[normalize-space()='Part Risk Manager']]
Clicked on: [[ChromeDriver: chrome on WINDOWS (3b922945d8ce4db993558946af515998)] -> xpath: //span[normalize-space()='Part Risk Manager']]
Trying to find Element By : By.xpath: //button[normalize-space()='Upload BOM']
Found Element By : By.xpath: //button[normalize-space()='Upload BOM']
Trying to click on: [[ChromeDriver: chrome on WINDOWS (3b922945d8ce4db993558946af515998)] -> xpath: //button[normalize-space()='Upload BOM']]
Clicked on: [[ChromeDriver: chrome on WINDOWS (3b922945d8ce4db993558946af515998)] -> xpath: //button[normalize-space()='Upload BOM']]
Trying to find Element By : By.xpath: (//select[@class='form-control px-05'])[1]
Found Element By : By.xpath: (//select[@class='form-control px-05'])[1]
Trying to find Element By : By.xpath: .//option[@value = "f8f063d5-2332-407e-bc8d-329bed458f9d"]
Found Element By : By.xpath: .//option[@value = "f8f063d5-2332-407e-bc8d-329bed458f9d"]
Trying to click on: [[[[ChromeDriver: chrome on WINDOWS (3b922945d8ce4db993558946af515998)] -> xpath: (//select[@class='form-control px-05'])[1]]] -> xpath: .//option[@value = "f8f063d5-2332-407e-bc8d-329bed458f9d"]]
Clicked on: [[[[ChromeDriver: chrome on WINDOWS (3b922945d8ce4db993558946af515998)] -> xpath: (//select[@class='form-control px-05'])[1]]] -> xpath: .//option[@value = "f8f063d5-2332-407e-bc8d-329bed458f9d"]]
Trying to find Element By : By.xpath: (//select[@class='form-control px-05'])[2]
Found Element By : By.xpath: (//select[@class='form-control px-05'])[2]
Trying to find Element By : By.xpath: .//option[@value = "28649cd3-39ab-4d16-944b-110659125571"]
Found Element By : By.xpath: .//option[@value = "28649cd3-39ab-4d16-944b-110659125571"]
Trying to click on: [[[[ChromeDriver: chrome on WINDOWS (3b922945d8ce4db993558946af515998)] -> xpath: (//select[@class='form-control px-05'])[2]]] -> xpath: .//option[@value = "28649cd3-39ab-4d16-944b-110659125571"]]
Clicked on: [[[[ChromeDriver: chrome on WINDOWS (3b922945d8ce4db993558946af515998)] -> xpath: (//select[@class='form-control px-05'])[2]]] -> xpath: .//option[@value = "28649cd3-39ab-4d16-944b-110659125571"]]
Trying to find Element By : By.xpath: (//select[@class='form-control px-05'])[3]
Found Element By : By.xpath: (//select[@class='form-control px-05'])[3]
Trying to find Element By : By.xpath: .//option[@value = "abdd1dfb-b930-4947-987f-00fc40b2752b"]
Found Element By : By.xpath: .//option[@value = "abdd1dfb-b930-4947-987f-00fc40b2752b"]
Trying to click on: [[[[ChromeDriver: chrome on WINDOWS (3b922945d8ce4db993558946af515998)] -> xpath: (//select[@class='form-control px-05'])[3]]] -> xpath: .//option[@value = "abdd1dfb-b930-4947-987f-00fc40b2752b"]]
Clicked on: [[[[ChromeDriver: chrome on WINDOWS (3b922945d8ce4db993558946af515998)] -> xpath: (//select[@class='form-control px-05'])[3]]] -> xpath: .//option[@value = "abdd1dfb-b930-4947-987f-00fc40b2752b"]]
Trying to find Element By : By.xpath: //*[@id='DivUploadBomFile']/div[1]/div[3]/div/button[2]
Found Element By : By.xpath: //*[@id='DivUploadBomFile']/div[1]/div[3]/div/button[2]
Trying to click on: [[ChromeDriver: chrome on WINDOWS (3b922945d8ce4db993558946af515998)] -> xpath: //*[@id='DivUploadBomFile']/div[1]/div[3]/div/button[2]]
Clicked on: [[ChromeDriver: chrome on WINDOWS (3b922945d8ce4db993558946af515998)] -> xpath: //*[@id='DivUploadBomFile']/div[1]/div[3]/div/button[2]]
Trying to find Element By : By.xpath: //*[@id='bomdropzone']/div/span[1]
Found Element By : By.xpath: //*[@id='bomdropzone']/div/span[1]
Trying to click on: [[ChromeDriver: chrome on WINDOWS (3b922945d8ce4db993558946af515998)] -> xpath: //*[@id='bomdropzone']/div/span[1]]
Clicked on: [[ChromeDriver: chrome on WINDOWS (3b922945d8ce4db993558946af515998)] -> xpath: //*[@id='bomdropzone']/div/span[1]]
Trying to find Element By : By.xpath: //*[@id='DivUploadBomFile']/div[2]/div[2]/button
Found Element By : By.xpath: //*[@id='DivUploadBomFile']/div[2]/div[2]/button
Trying to click on: [[ChromeDriver: chrome on WINDOWS (3b922945d8ce4db993558946af515998)] -> xpath: //*[@id='DivUploadBomFile']/div[2]/div[2]/button]
Clicked on: [[ChromeDriver: chrome on WINDOWS (3b922945d8ce4db993558946af515998)] -> xpath: //*[@id='DivUploadBomFile']/div[2]/div[2]/button]
Trying to find Element By : By.xpath: //*[@id='RemainMainPage']/div/app-uploadbom-steptwo/div/div/div[1]/div[3]/div/button[2]
Found Element By : By.xpath: //*[@id='RemainMainPage']/div/app-uploadbom-steptwo/div/div/div[1]/div[3]/div/button[2]
Trying to click on: [[ChromeDriver: chrome on WINDOWS (3b922945d8ce4db993558946af515998)] -> xpath: //*[@id='RemainMainPage']/div/app-uploadbom-steptwo/div/div/div[1]/div[3]/div/button[2]]
Clicked on: [[ChromeDriver: chrome on WINDOWS (3b922945d8ce4db993558946af515998)] -> xpath: //*[@id='RemainMainPage']/div/app-uploadbom-steptwo/div/div/div[1]/div[3]/div/button[2]]
Trying to find Element By : By.xpath: //*[@id='RemainMainPage']/div/app-uploadbom-stepthree/div[4]/div[1]/div/div/div[1]/div/div[2]/input
Found Element By : By.xpath: //*[@id='RemainMainPage']/div/app-uploadbom-stepthree/div[4]/div[1]/div/div/div[1]/div/div[2]/input
Value of the:[[ChromeDriver: chrome on WINDOWS (3b922945d8ce4db993558946af515998)] -> xpath: //*[@id='RemainMainPage']/div/app-uploadbom-stepthree/div[4]/div[1]/div/div/div[1]/div/div[2]/input] before any changes made
Element value changed to: [[ChromeDriver: chrome on WINDOWS (3b922945d8ce4db993558946af515998)] -> xpath: //*[@id='RemainMainPage']/div/app-uploadbom-stepthree/div[4]/div[1]/div/div/div[1]/div/div[2]/input]
Trying to find Element By : By.xpath: //*[@id='RemainMainPage']/div/app-uploadbom-stepthree/div[4]/div[1]/div/div/div[2]/a/div[2]
Found Element By : By.xpath: //*[@id='RemainMainPage']/div/app-uploadbom-stepthree/div[4]/div[1]/div/div/div[2]/a/div[2]
Trying to click on: [[ChromeDriver: chrome on WINDOWS (3b922945d8ce4db993558946af515998)] -> xpath: //*[@id='RemainMainPage']/div/app-uploadbom-stepthree/div[4]/div[1]/div/div/div[2]/a/div[2]]
Clicked on: [[ChromeDriver: chrome on WINDOWS (3b922945d8ce4db993558946af515998)] -> xpath: //*[@id='RemainMainPage']/div/app-uploadbom-stepthree/div[4]/div[1]/div/div/div[2]/a/div[2]]
Trying to find Element By : By.xpath: //*[@id='RemainMainPage']/div/app-uploadbom-stepthree/div[2]/div[2]/div[1]/div[2]/div/input
Found Element By : By.xpath: //*[@id='RemainMainPage']/div/app-uploadbom-stepthree/div[2]/div[2]/div[1]/div[2]/div/input
Value of the:[[ChromeDriver: chrome on WINDOWS (3b922945d8ce4db993558946af515998)] -> xpath: //*[@id='RemainMainPage']/div/app-uploadbom-stepthree/div[2]/div[2]/div[1]/div[2]/div/input] before any changes made
Element value changed to: [[ChromeDriver: chrome on WINDOWS (3b922945d8ce4db993558946af515998)] -> xpath: //*[@id='RemainMainPage']/div/app-uploadbom-stepthree/div[2]/div[2]/div[1]/div[2]/div/input]
Trying to find Element By : By.xpath: //*[@id='RemainMainPage']/div/app-uploadbom-stepthree/div[2]/div[2]/div[2]/div/div/div/div/div/ngx-treeview/div[2]/div/ngx-treeview-item/div/div[1]/div/span
Found Element By : By.xpath: //*[@id='RemainMainPage']/div/app-uploadbom-stepthree/div[2]/div[2]/div[2]/div/div/div/div/div/ngx-treeview/div[2]/div/ngx-treeview-item/div/div[1]/div/span
Trying to find Element By : By.xpath: //*[@id='RemainMainPage']/div/app-uploadbom-stepthree/div[1]/div[3]/div/button
Found Element By : By.xpath: //*[@id='RemainMainPage']/div/app-uploadbom-stepthree/div[1]/div[3]/div/button
Trying to click on: [[ChromeDriver: chrome on WINDOWS (3b922945d8ce4db993558946af515998)] -> xpath: //*[@id='RemainMainPage']/div/app-uploadbom-stepthree/div[1]/div[3]/div/button]
Clicked on: [[ChromeDriver: chrome on WINDOWS (3b922945d8ce4db993558946af515998)] -> xpath: //*[@id='RemainMainPage']/div/app-uploadbom-stepthree/div[1]/div[3]/div/button]
Trying to find Element By : By.xpath: //*[@id='dashboard_content']/div/div/div[2]/app-dashboard-bominfo-elastic/table[1]/tbody/tr[2]/td[2]/span[2]
Found Element By : By.xpath: //*[@id='dashboard_content']/div/div/div[2]/app-dashboard-bominfo-elastic/table[1]/tbody/tr[2]/td[2]/span[2]
got a text : [[ChromeDriver: chrome on WINDOWS (3b922945d8ce4db993558946af515998)] -> xpath: //*[@id='dashboard_content']/div/div/div[2]/app-dashboard-bominfo-elastic/table[1]/tbody/tr[2]/td[2]/span[2]]
Total counts  10
row in excel = 10
https://test1.z2data.com/RiskManagerElastic/Dashboard?BomId=84219745-c459-4c02-9129-fa7d1bab70ea&dType=2
]]></system-out>
    <system-err><![CDATA[Starting ChromeDriver 95.0.4638.69 (6a1600ed572fedecd573b6c2b90a22fe6392a410-refs/branch-heads/4638@{#984}) on port 25124
Only local connections are allowed.
Please see https://chromedriver.chromium.org/security-considerations for suggestions on keeping ChromeDriver safe.
ChromeDriver was started successfully.
Nov 15, 2021 5:24:00 PM org.openqa.selenium.remote.ProtocolHandshake createSession
INFO: Detected dialect: W3C
]]></system-err>
  </testcase>
  <testcase name="create_Alert_from_Header[public void Pages.creatAlertTest.create_Alert_from_Header(java.lang.reflect.Method) throws java.lang.InterruptedException](1)" classname="Pages.creatAlertTest" time="12.062">
    <system-out><![CDATA[chrome is selected to run
Before navigating to: 'https://test1.z2data.com/'
Navigated to:'https://test1.z2data.com/'
Trying to find Element By : By.xpath: //*[@id='Username']
Found Element By : By.xpath: //*[@id='Username']
Value of the:[[ChromeDriver: chrome on WINDOWS (d33bf959adc8f5200a024144afd48776)] -> xpath: //*[@id='Username']] before any changes made
Element value changed to: [[ChromeDriver: chrome on WINDOWS (d33bf959adc8f5200a024144afd48776)] -> xpath: //*[@id='Username']]
Trying to find Element By : By.id: Password
Found Element By : By.id: Password
Value of the:[[ChromeDriver: chrome on WINDOWS (d33bf959adc8f5200a024144afd48776)] -> id: Password] before any changes made
Element value changed to: [[ChromeDriver: chrome on WINDOWS (d33bf959adc8f5200a024144afd48776)] -> id: Password]
Trying to find Element By : By.xpath: /html/body/div/div/div/div[1]/div[2]/form/button
Found Element By : By.xpath: /html/body/div/div/div/div[1]/div[2]/form/button
Trying to click on: [[ChromeDriver: chrome on WINDOWS (d33bf959adc8f5200a024144afd48776)] -> xpath: /html/body/div/div/div/div[1]/div[2]/form/button]
Clicked on: [[ChromeDriver: chrome on WINDOWS (d33bf959adc8f5200a024144afd48776)] -> xpath: /html/body/div/div/div/div[1]/div[2]/form/button]
Trying to find Element By : By.xpath: //span[normalize-space()='Part Risk Manager']
Found Element By : By.xpath: //span[normalize-space()='Part Risk Manager']
Trying to click on: [[ChromeDriver: chrome on WINDOWS (d33bf959adc8f5200a024144afd48776)] -> xpath: //span[normalize-space()='Part Risk Manager']]
Clicked on: [[ChromeDriver: chrome on WINDOWS (d33bf959adc8f5200a024144afd48776)] -> xpath: //span[normalize-space()='Part Risk Manager']]
Trying to find Element By : By.xpath: //*[@id='RemainMainPage']/app-homepage/app-main-parts-subheader/div/div[2]/app-create-alert-new/button
Found Element By : By.xpath: //*[@id='RemainMainPage']/app-homepage/app-main-parts-subheader/div/div[2]/app-create-alert-new/button
Trying to click on: [[ChromeDriver: chrome on WINDOWS (d33bf959adc8f5200a024144afd48776)] -> xpath: //*[@id='RemainMainPage']/app-homepage/app-main-parts-subheader/div/div[2]/app-create-alert-new/button]
Clicked on: [[ChromeDriver: chrome on WINDOWS (d33bf959adc8f5200a024144afd48776)] -> xpath: //*[@id='RemainMainPage']/app-homepage/app-main-parts-subheader/div/div[2]/app-create-alert-new/button]
Trying to find Element By : By.xpath: //*[@id='dropbg']/div/div/div[2]/div[1]/div/input
Found Element By : By.xpath: //*[@id='dropbg']/div/div/div[2]/div[1]/div/input
Value of the:[[ChromeDriver: chrome on WINDOWS (d33bf959adc8f5200a024144afd48776)] -> xpath: //*[@id='dropbg']/div/div/div[2]/div[1]/div/input] before any changes made
Element value changed to: [[ChromeDriver: chrome on WINDOWS (d33bf959adc8f5200a024144afd48776)] -> xpath: //*[@id='dropbg']/div/div/div[2]/div[1]/div/input]
Trying to find Element By : By.xpath: //*[@id='radioCheckerThreellParts']/div[1]/label/span
Found Element By : By.xpath: //*[@id='radioCheckerThreellParts']/div[1]/label/span
Trying to click on: [[ChromeDriver: chrome on WINDOWS (d33bf959adc8f5200a024144afd48776)] -> xpath: //*[@id='radioCheckerThreellParts']/div[1]/label/span]
Clicked on: [[ChromeDriver: chrome on WINDOWS (d33bf959adc8f5200a024144afd48776)] -> xpath: //*[@id='radioCheckerThreellParts']/div[1]/label/span]
Trying to find Element By : By.xpath: //*[@id='dropbg']/div/div/div[2]/div[3]/div/div[1]/button
Found Element By : By.xpath: //*[@id='dropbg']/div/div/div[2]/div[3]/div/div[1]/button
Trying to click on: [[ChromeDriver: chrome on WINDOWS (d33bf959adc8f5200a024144afd48776)] -> xpath: //*[@id='dropbg']/div/div/div[2]/div[3]/div/div[1]/button]
Clicked on: [[ChromeDriver: chrome on WINDOWS (d33bf959adc8f5200a024144afd48776)] -> xpath: //*[@id='dropbg']/div/div/div[2]/div[3]/div/div[1]/button]
Trying to find Element By : By.xpath: //*[@id='dropbg']/div/div/div[2]/div[7]/input
Found Element By : By.xpath: //*[@id='dropbg']/div/div/div[2]/div[7]/input
Value of the:[[ChromeDriver: chrome on WINDOWS (d33bf959adc8f5200a024144afd48776)] -> xpath: //*[@id='dropbg']/div/div/div[2]/div[7]/input] before any changes made
Element value changed to: [[ChromeDriver: chrome on WINDOWS (d33bf959adc8f5200a024144afd48776)] -> xpath: //*[@id='dropbg']/div/div/div[2]/div[7]/input]
Trying to find Element By : By.xpath: //*[@id='dropbg']/div/div/div[2]/div[7]/div[3]/a
Found Element By : By.xpath: //*[@id='dropbg']/div/div/div[2]/div[7]/div[3]/a
Trying to click on: [[ChromeDriver: chrome on WINDOWS (d33bf959adc8f5200a024144afd48776)] -> xpath: //*[@id='dropbg']/div/div/div[2]/div[7]/div[3]/a]
Clicked on: [[ChromeDriver: chrome on WINDOWS (d33bf959adc8f5200a024144afd48776)] -> xpath: //*[@id='dropbg']/div/div/div[2]/div[7]/div[3]/a]
Trying to find Element By : By.xpath: //*[@id='dropbg']/div/div/div[2]/button
Found Element By : By.xpath: //*[@id='dropbg']/div/div/div[2]/button
Trying to click on: [[ChromeDriver: chrome on WINDOWS (d33bf959adc8f5200a024144afd48776)] -> xpath: //*[@id='dropbg']/div/div/div[2]/button]
Clicked on: [[ChromeDriver: chrome on WINDOWS (d33bf959adc8f5200a024144afd48776)] -> xpath: //*[@id='dropbg']/div/div/div[2]/button]
]]></system-out>
    <system-err><![CDATA[Starting ChromeDriver 95.0.4638.69 (6a1600ed572fedecd573b6c2b90a22fe6392a410-refs/branch-heads/4638@{#984}) on port 16667
Only local connections are allowed.
Please see https://chromedriver.chromium.org/security-considerations for suggestions on keeping ChromeDriver safe.
ChromeDriver was started successfully.
Nov 15, 2021 5:25:18 PM org.openqa.selenium.remote.ProtocolHandshake createSession
INFO: Detected dialect: W3C
]]></system-err>
  </testcase>
  <testcase name="Validate_can_Submit_Ticket[public void Pages.SubmitTicketTest.Validate_can_Submit_Ticket(java.lang.reflect.Method) throws java.awt.AWTException](1)" classname="Pages.SubmitTicketTest" time="4.023">
    <system-out><![CDATA[chrome is selected to run
Before navigating to: 'https://test1.z2data.com/'
Navigated to:'https://test1.z2data.com/'
Trying to find Element By : By.xpath: //*[@id='Username']
Found Element By : By.xpath: //*[@id='Username']
Value of the:[[ChromeDriver: chrome on WINDOWS (0c93506f3313ae675cbbd4ed30c11a18)] -> xpath: //*[@id='Username']] before any changes made
Element value changed to: [[ChromeDriver: chrome on WINDOWS (0c93506f3313ae675cbbd4ed30c11a18)] -> xpath: //*[@id='Username']]
Trying to find Element By : By.id: Password
Found Element By : By.id: Password
Value of the:[[ChromeDriver: chrome on WINDOWS (0c93506f3313ae675cbbd4ed30c11a18)] -> id: Password] before any changes made
Element value changed to: [[ChromeDriver: chrome on WINDOWS (0c93506f3313ae675cbbd4ed30c11a18)] -> id: Password]
Trying to find Element By : By.xpath: /html/body/div/div/div/div[1]/div[2]/form/button
Found Element By : By.xpath: /html/body/div/div/div/div[1]/div[2]/form/button
Trying to click on: [[ChromeDriver: chrome on WINDOWS (0c93506f3313ae675cbbd4ed30c11a18)] -> xpath: /html/body/div/div/div/div[1]/div[2]/form/button]
Clicked on: [[ChromeDriver: chrome on WINDOWS (0c93506f3313ae675cbbd4ed30c11a18)] -> xpath: /html/body/div/div/div/div[1]/div[2]/form/button]
Trying to find Element By : By.xpath: //span[normalize-space()='Part Risk Manager']
Found Element By : By.xpath: //span[normalize-space()='Part Risk Manager']
Trying to click on: [[ChromeDriver: chrome on WINDOWS (0c93506f3313ae675cbbd4ed30c11a18)] -> xpath: //span[normalize-space()='Part Risk Manager']]
Clicked on: [[ChromeDriver: chrome on WINDOWS (0c93506f3313ae675cbbd4ed30c11a18)] -> xpath: //span[normalize-space()='Part Risk Manager']]
Trying to find Element By : By.xpath: //*[@id='RemainMainPage']/app-homepage/app-main-parts-subheader/div/div[2]/app-submitticket/button
Found Element By : By.xpath: //*[@id='RemainMainPage']/app-homepage/app-main-parts-subheader/div/div[2]/app-submitticket/button
Trying to click on: [[ChromeDriver: chrome on WINDOWS (0c93506f3313ae675cbbd4ed30c11a18)] -> xpath: //*[@id='RemainMainPage']/app-homepage/app-main-parts-subheader/div/div[2]/app-submitticket/button]
Clicked on: [[ChromeDriver: chrome on WINDOWS (0c93506f3313ae675cbbd4ed30c11a18)] -> xpath: //*[@id='RemainMainPage']/app-homepage/app-main-parts-subheader/div/div[2]/app-submitticket/button]
Trying to find Element By : By.xpath: //*[@id='ti-1']/div[1]/div[2]/div[4]/div
Found Element By : By.xpath: //*[@id='ti-1']/div[1]/div[2]/div[4]/div
Trying to click on: [[ChromeDriver: chrome on WINDOWS (0c93506f3313ae675cbbd4ed30c11a18)] -> xpath: //*[@id='ti-1']/div[1]/div[2]/div[4]/div]
Clicked on: [[ChromeDriver: chrome on WINDOWS (0c93506f3313ae675cbbd4ed30c11a18)] -> xpath: //*[@id='ti-1']/div[1]/div[2]/div[4]/div]
Trying to find Element By : By.xpath: //*[@id='ti-1']/div[2]/div[2]/input
Found Element By : By.xpath: //*[@id='ti-1']/div[2]/div[2]/input
Value of the:[[ChromeDriver: chrome on WINDOWS (0c93506f3313ae675cbbd4ed30c11a18)] -> xpath: //*[@id='ti-1']/div[2]/div[2]/input] before any changes made
Element value changed to: [[ChromeDriver: chrome on WINDOWS (0c93506f3313ae675cbbd4ed30c11a18)] -> xpath: //*[@id='ti-1']/div[2]/div[2]/input]
Trying to find Element By : By.xpath: //*[@id='ti-1']/div[3]/div[2]/textarea
Found Element By : By.xpath: //*[@id='ti-1']/div[3]/div[2]/textarea
Value of the:[[ChromeDriver: chrome on WINDOWS (0c93506f3313ae675cbbd4ed30c11a18)] -> xpath: //*[@id='ti-1']/div[3]/div[2]/textarea] before any changes made
Element value changed to: [[ChromeDriver: chrome on WINDOWS (0c93506f3313ae675cbbd4ed30c11a18)] -> xpath: //*[@id='ti-1']/div[3]/div[2]/textarea]
Trying to find Element By : By.xpath: //*[@id='ti-1']/div[4]/div[2]/div/button
Found Element By : By.xpath: //*[@id='ti-1']/div[4]/div[2]/div/button
Trying to click on: [[ChromeDriver: chrome on WINDOWS (0c93506f3313ae675cbbd4ed30c11a18)] -> xpath: //*[@id='ti-1']/div[4]/div[2]/div/button]
Clicked on: [[ChromeDriver: chrome on WINDOWS (0c93506f3313ae675cbbd4ed30c11a18)] -> xpath: //*[@id='ti-1']/div[4]/div[2]/div/button]
Trying to find Element By : By.xpath: //*[@id='ti-1']/button
Found Element By : By.xpath: //*[@id='ti-1']/button
Trying to click on: [[ChromeDriver: chrome on WINDOWS (0c93506f3313ae675cbbd4ed30c11a18)] -> xpath: //*[@id='ti-1']/button]
Clicked on: [[ChromeDriver: chrome on WINDOWS (0c93506f3313ae675cbbd4ed30c11a18)] -> xpath: //*[@id='ti-1']/button]
Trying to find Element By : By.xpath: //*[@id='ti-2']/div[2]/h3
Found Element By : By.xpath: //*[@id='ti-2']/div[2]/h3
got a text : [[ChromeDriver: chrome on WINDOWS (0c93506f3313ae675cbbd4ed30c11a18)] -> xpath: //*[@id='ti-2']/div[2]/h3]
Trying to find Element By : By.xpath: //*[@id='ti-2']/button
Found Element By : By.xpath: //*[@id='ti-2']/button
Trying to click on: [[ChromeDriver: chrome on WINDOWS (0c93506f3313ae675cbbd4ed30c11a18)] -> xpath: //*[@id='ti-2']/button]
Clicked on: [[ChromeDriver: chrome on WINDOWS (0c93506f3313ae675cbbd4ed30c11a18)] -> xpath: //*[@id='ti-2']/button]
]]></system-out>
    <system-err><![CDATA[Starting ChromeDriver 95.0.4638.69 (6a1600ed572fedecd573b6c2b90a22fe6392a410-refs/branch-heads/4638@{#984}) on port 20653
Only local connections are allowed.
Please see https://chromedriver.chromium.org/security-considerations for suggestions on keeping ChromeDriver safe.
ChromeDriver was started successfully.
Nov 15, 2021 5:25:49 PM org.openqa.selenium.remote.ProtocolHandshake createSession
INFO: Detected dialect: W3C
]]></system-err>
  </testcase>
</testsuite>